<?xml version="1.0" encoding="UTF-8" ?>
<testsuite tests="6" failures="4" name="TestSuite" time="92.374" errors="0" skipped="0">
  <properties>
[...]
</properties>
  <testcase classname="day7.parametrization" name="loginTest" time="35.487"/>
  <testcase classname="day7.parametrization" name="loginTest" time="36.907">
    <failure message="Unable to find element with locator By.xpath: /html/body/div/div[1]/div[1]/header/div[1]/div[2]/ul/li/span/p
For documentation on this error, please visit: https://selenium.dev/exceptions/#no_such_element
Build info: version: &apos;4.4.0&apos;, revision: &apos;e5c75ed026a&apos;
System info: host: &apos;PC2017000216&apos;, ip: &apos;172.20.32.113&apos;, os.name: &apos;Windows 10&apos;, os.arch: &apos;amd64&apos;, os.version: &apos;10.0&apos;, java.version: &apos;17.0.3&apos;
Driver info: driver.version: RemoteWebDriver" type="org.openqa.selenium.NoSuchElementException">org.openqa.selenium.NoSuchElementException: Unable to find element with locator By.xpath: /html/body/div/div[1]/div[1]/header/div[1]/div[2]/ul/li/span/p
For documentation on this error, please visit: https://selenium.dev/exceptions/#no_such_element
Build info: version: &apos;4.4.0&apos;, revision: &apos;e5c75ed026a&apos;
System info: host: &apos;PC2017000216&apos;, ip: &apos;172.20.32.113&apos;, os.name: &apos;Windows 10&apos;, os.arch: &apos;amd64&apos;, os.version: &apos;10.0&apos;, java.version: &apos;17.0.3&apos;
Driver info: driver.version: RemoteWebDriver
	at org.openqa.selenium.remote.ElementLocation$ElementFinder$2.findElement(ElementLocation.java:165)
	at org.openqa.selenium.remote.ElementLocation.findElement(ElementLocation.java:60)
	at org.openqa.selenium.remote.RemoteWebDriver.findElement(RemoteWebDriver.java:365)
	at org.openqa.selenium.remote.RemoteWebDriver.findElement(RemoteWebDriver.java:357)
	at day4.employeelist.Logout(employeelist.java:18)
	at day7.parametrization.loginTest(parametrization.java:18)
</failure>
  </testcase>
  <testcase classname="day7.parametrization" name="loginTest" time="0.134">
    <failure message="no such window: target window already closed
from unknown error: web view not found
  (Session info: chrome=105.0.5195.127)
Build info: version: &apos;4.4.0&apos;, revision: &apos;e5c75ed026a&apos;
System info: host: &apos;PC2017000216&apos;, ip: &apos;172.20.32.113&apos;, os.name: &apos;Windows 10&apos;, os.arch: &apos;amd64&apos;, os.version: &apos;10.0&apos;, java.version: &apos;17.0.3&apos;
Driver info: org.openqa.selenium.chrome.ChromeDriver
Command: [2dceac897951ab066348f64ff66d7549, get {url=https://opensource-demo.orangehrmlive.com/web/index.php/auth/login}]
Capabilities {acceptInsecureCerts: false, browserName: chrome, browserVersion: 105.0.5195.127, chrome: {chromedriverVersion: 104.0.5112.79 (3cf3e8c8a07d..., userDataDir: C:\Users\NEML10~1\AppData\L...}, goog:chromeOptions: {debuggerAddress: localhost:52703}, networkConnectionEnabled: false, pageLoadStrategy: normal, platformName: WINDOWS, proxy: Proxy(), se:cdp: ws://localhost:52703/devtoo..., se:cdpVersion: 105.0.5195.127, setWindowRect: true, strictFileInteractability: false, timeouts: {implicit: 0, pageLoad: 300000, script: 30000}, unhandledPromptBehavior: dismiss and notify, webauthn:extension:credBlob: true, webauthn:extension:largeBlob: true, webauthn:virtualAuthenticators: true}
Session ID: 2dceac897951ab066348f64ff66d7549" type="org.openqa.selenium.NoSuchWindowException">org.openqa.selenium.NoSuchWindowException: no such window: target window already closed
from unknown error: web view not found
  (Session info: chrome=105.0.5195.127)
Build info: version: &apos;4.4.0&apos;, revision: &apos;e5c75ed026a&apos;
System info: host: &apos;PC2017000216&apos;, ip: &apos;172.20.32.113&apos;, os.name: &apos;Windows 10&apos;, os.arch: &apos;amd64&apos;, os.version: &apos;10.0&apos;, java.version: &apos;17.0.3&apos;
Driver info: org.openqa.selenium.chrome.ChromeDriver
Command: [2dceac897951ab066348f64ff66d7549, get {url=https://opensource-demo.orangehrmlive.com/web/index.php/auth/login}]
Capabilities {acceptInsecureCerts: false, browserName: chrome, browserVersion: 105.0.5195.127, chrome: {chromedriverVersion: 104.0.5112.79 (3cf3e8c8a07d..., userDataDir: C:\Users\NEML10~1\AppData\L...}, goog:chromeOptions: {debuggerAddress: localhost:52703}, networkConnectionEnabled: false, pageLoadStrategy: normal, platformName: WINDOWS, proxy: Proxy(), se:cdp: ws://localhost:52703/devtoo..., se:cdpVersion: 105.0.5195.127, setWindowRect: true, strictFileInteractability: false, timeouts: {implicit: 0, pageLoad: 300000, script: 30000}, unhandledPromptBehavior: dismiss and notify, webauthn:extension:credBlob: true, webauthn:extension:largeBlob: true, webauthn:virtualAuthenticators: true}
Session ID: 2dceac897951ab066348f64ff66d7549
	at java.base/jdk.internal.reflect.NativeConstructorAccessorImpl.newInstance0(Native Method)
	at java.base/jdk.internal.reflect.NativeConstructorAccessorImpl.newInstance(NativeConstructorAccessorImpl.java:77)
	at java.base/jdk.internal.reflect.DelegatingConstructorAccessorImpl.newInstance(DelegatingConstructorAccessorImpl.java:45)
	at java.base/java.lang.reflect.Constructor.newInstanceWithCaller(Constructor.java:499)
	at java.base/java.lang.reflect.Constructor.newInstance(Constructor.java:480)
	at org.openqa.selenium.remote.codec.w3c.W3CHttpResponseCodec.createException(W3CHttpResponseCodec.java:200)
	at org.openqa.selenium.remote.codec.w3c.W3CHttpResponseCodec.decode(W3CHttpResponseCodec.java:133)
	at org.openqa.selenium.remote.codec.w3c.W3CHttpResponseCodec.decode(W3CHttpResponseCodec.java:53)
	at org.openqa.selenium.remote.HttpCommandExecutor.execute(HttpCommandExecutor.java:184)
	at org.openqa.selenium.remote.service.DriverCommandExecutor.invokeExecute(DriverCommandExecutor.java:167)
	at org.openqa.selenium.remote.service.DriverCommandExecutor.execute(DriverCommandExecutor.java:142)
	at org.openqa.selenium.remote.RemoteWebDriver.execute(RemoteWebDriver.java:547)
	at org.openqa.selenium.remote.RemoteWebDriver.get(RemoteWebDriver.java:310)
	at day7.parametrization.loginTest(parametrization.java:14)
</failure>
  </testcase>
  <testcase classname="day7.parametrization" name="loginTest" time="0.004">
    <failure message="no such window: target window already closed
from unknown error: web view not found
  (Session info: chrome=105.0.5195.127)
Build info: version: &apos;4.4.0&apos;, revision: &apos;e5c75ed026a&apos;
System info: host: &apos;PC2017000216&apos;, ip: &apos;172.20.32.113&apos;, os.name: &apos;Windows 10&apos;, os.arch: &apos;amd64&apos;, os.version: &apos;10.0&apos;, java.version: &apos;17.0.3&apos;
Driver info: org.openqa.selenium.chrome.ChromeDriver
Command: [2dceac897951ab066348f64ff66d7549, get {url=https://opensource-demo.orangehrmlive.com/web/index.php/auth/login}]
Capabilities {acceptInsecureCerts: false, browserName: chrome, browserVersion: 105.0.5195.127, chrome: {chromedriverVersion: 104.0.5112.79 (3cf3e8c8a07d..., userDataDir: C:\Users\NEML10~1\AppData\L...}, goog:chromeOptions: {debuggerAddress: localhost:52703}, networkConnectionEnabled: false, pageLoadStrategy: normal, platformName: WINDOWS, proxy: Proxy(), se:cdp: ws://localhost:52703/devtoo..., se:cdpVersion: 105.0.5195.127, setWindowRect: true, strictFileInteractability: false, timeouts: {implicit: 0, pageLoad: 300000, script: 30000}, unhandledPromptBehavior: dismiss and notify, webauthn:extension:credBlob: true, webauthn:extension:largeBlob: true, webauthn:virtualAuthenticators: true}
Session ID: 2dceac897951ab066348f64ff66d7549" type="org.openqa.selenium.NoSuchWindowException">org.openqa.selenium.NoSuchWindowException: no such window: target window already closed
from unknown error: web view not found
  (Session info: chrome=105.0.5195.127)
Build info: version: &apos;4.4.0&apos;, revision: &apos;e5c75ed026a&apos;
System info: host: &apos;PC2017000216&apos;, ip: &apos;172.20.32.113&apos;, os.name: &apos;Windows 10&apos;, os.arch: &apos;amd64&apos;, os.version: &apos;10.0&apos;, java.version: &apos;17.0.3&apos;
Driver info: org.openqa.selenium.chrome.ChromeDriver
Command: [2dceac897951ab066348f64ff66d7549, get {url=https://opensource-demo.orangehrmlive.com/web/index.php/auth/login}]
Capabilities {acceptInsecureCerts: false, browserName: chrome, browserVersion: 105.0.5195.127, chrome: {chromedriverVersion: 104.0.5112.79 (3cf3e8c8a07d..., userDataDir: C:\Users\NEML10~1\AppData\L...}, goog:chromeOptions: {debuggerAddress: localhost:52703}, networkConnectionEnabled: false, pageLoadStrategy: normal, platformName: WINDOWS, proxy: Proxy(), se:cdp: ws://localhost:52703/devtoo..., se:cdpVersion: 105.0.5195.127, setWindowRect: true, strictFileInteractability: false, timeouts: {implicit: 0, pageLoad: 300000, script: 30000}, unhandledPromptBehavior: dismiss and notify, webauthn:extension:credBlob: true, webauthn:extension:largeBlob: true, webauthn:virtualAuthenticators: true}
Session ID: 2dceac897951ab066348f64ff66d7549
	at java.base/jdk.internal.reflect.NativeConstructorAccessorImpl.newInstance0(Native Method)
	at java.base/jdk.internal.reflect.NativeConstructorAccessorImpl.newInstance(NativeConstructorAccessorImpl.java:77)
	at java.base/jdk.internal.reflect.DelegatingConstructorAccessorImpl.newInstance(DelegatingConstructorAccessorImpl.java:45)
	at java.base/java.lang.reflect.Constructor.newInstanceWithCaller(Constructor.java:499)
	at java.base/java.lang.reflect.Constructor.newInstance(Constructor.java:480)
	at org.openqa.selenium.remote.codec.w3c.W3CHttpResponseCodec.createException(W3CHttpResponseCodec.java:200)
	at org.openqa.selenium.remote.codec.w3c.W3CHttpResponseCodec.decode(W3CHttpResponseCodec.java:133)
	at org.openqa.selenium.remote.codec.w3c.W3CHttpResponseCodec.decode(W3CHttpResponseCodec.java:53)
	at org.openqa.selenium.remote.HttpCommandExecutor.execute(HttpCommandExecutor.java:184)
	at org.openqa.selenium.remote.service.DriverCommandExecutor.invokeExecute(DriverCommandExecutor.java:167)
	at org.openqa.selenium.remote.service.DriverCommandExecutor.execute(DriverCommandExecutor.java:142)
	at org.openqa.selenium.remote.RemoteWebDriver.execute(RemoteWebDriver.java:547)
	at org.openqa.selenium.remote.RemoteWebDriver.get(RemoteWebDriver.java:310)
	at day7.parametrization.loginTest(parametrization.java:14)
</failure>
  </testcase>
  <testcase classname="day7.parametrization" name="loginTest" time="0.005">
    <failure message="no such window: target window already closed
from unknown error: web view not found
  (Session info: chrome=105.0.5195.127)
Build info: version: &apos;4.4.0&apos;, revision: &apos;e5c75ed026a&apos;
System info: host: &apos;PC2017000216&apos;, ip: &apos;172.20.32.113&apos;, os.name: &apos;Windows 10&apos;, os.arch: &apos;amd64&apos;, os.version: &apos;10.0&apos;, java.version: &apos;17.0.3&apos;
Driver info: org.openqa.selenium.chrome.ChromeDriver
Command: [2dceac897951ab066348f64ff66d7549, get {url=https://opensource-demo.orangehrmlive.com/web/index.php/auth/login}]
Capabilities {acceptInsecureCerts: false, browserName: chrome, browserVersion: 105.0.5195.127, chrome: {chromedriverVersion: 104.0.5112.79 (3cf3e8c8a07d..., userDataDir: C:\Users\NEML10~1\AppData\L...}, goog:chromeOptions: {debuggerAddress: localhost:52703}, networkConnectionEnabled: false, pageLoadStrategy: normal, platformName: WINDOWS, proxy: Proxy(), se:cdp: ws://localhost:52703/devtoo..., se:cdpVersion: 105.0.5195.127, setWindowRect: true, strictFileInteractability: false, timeouts: {implicit: 0, pageLoad: 300000, script: 30000}, unhandledPromptBehavior: dismiss and notify, webauthn:extension:credBlob: true, webauthn:extension:largeBlob: true, webauthn:virtualAuthenticators: true}
Session ID: 2dceac897951ab066348f64ff66d7549" type="org.openqa.selenium.NoSuchWindowException">org.openqa.selenium.NoSuchWindowException: no such window: target window already closed
from unknown error: web view not found
  (Session info: chrome=105.0.5195.127)
Build info: version: &apos;4.4.0&apos;, revision: &apos;e5c75ed026a&apos;
System info: host: &apos;PC2017000216&apos;, ip: &apos;172.20.32.113&apos;, os.name: &apos;Windows 10&apos;, os.arch: &apos;amd64&apos;, os.version: &apos;10.0&apos;, java.version: &apos;17.0.3&apos;
Driver info: org.openqa.selenium.chrome.ChromeDriver
Command: [2dceac897951ab066348f64ff66d7549, get {url=https://opensource-demo.orangehrmlive.com/web/index.php/auth/login}]
Capabilities {acceptInsecureCerts: false, browserName: chrome, browserVersion: 105.0.5195.127, chrome: {chromedriverVersion: 104.0.5112.79 (3cf3e8c8a07d..., userDataDir: C:\Users\NEML10~1\AppData\L...}, goog:chromeOptions: {debuggerAddress: localhost:52703}, networkConnectionEnabled: false, pageLoadStrategy: normal, platformName: WINDOWS, proxy: Proxy(), se:cdp: ws://localhost:52703/devtoo..., se:cdpVersion: 105.0.5195.127, setWindowRect: true, strictFileInteractability: false, timeouts: {implicit: 0, pageLoad: 300000, script: 30000}, unhandledPromptBehavior: dismiss and notify, webauthn:extension:credBlob: true, webauthn:extension:largeBlob: true, webauthn:virtualAuthenticators: true}
Session ID: 2dceac897951ab066348f64ff66d7549
	at java.base/jdk.internal.reflect.NativeConstructorAccessorImpl.newInstance0(Native Method)
	at java.base/jdk.internal.reflect.NativeConstructorAccessorImpl.newInstance(NativeConstructorAccessorImpl.java:77)
	at java.base/jdk.internal.reflect.DelegatingConstructorAccessorImpl.newInstance(DelegatingConstructorAccessorImpl.java:45)
	at java.base/java.lang.reflect.Constructor.newInstanceWithCaller(Constructor.java:499)
	at java.base/java.lang.reflect.Constructor.newInstance(Constructor.java:480)
	at org.openqa.selenium.remote.codec.w3c.W3CHttpResponseCodec.createException(W3CHttpResponseCodec.java:200)
	at org.openqa.selenium.remote.codec.w3c.W3CHttpResponseCodec.decode(W3CHttpResponseCodec.java:133)
	at org.openqa.selenium.remote.codec.w3c.W3CHttpResponseCodec.decode(W3CHttpResponseCodec.java:53)
	at org.openqa.selenium.remote.HttpCommandExecutor.execute(HttpCommandExecutor.java:184)
	at org.openqa.selenium.remote.service.DriverCommandExecutor.invokeExecute(DriverCommandExecutor.java:167)
	at org.openqa.selenium.remote.service.DriverCommandExecutor.execute(DriverCommandExecutor.java:142)
	at org.openqa.selenium.remote.RemoteWebDriver.execute(RemoteWebDriver.java:547)
	at org.openqa.selenium.remote.RemoteWebDriver.get(RemoteWebDriver.java:310)
	at day7.parametrization.loginTest(parametrization.java:14)
</failure>
  </testcase>
  <testcase classname="day6.scrooling" name="f" time="19.837"/>
</testsuite>