<?xml version="1.0" encoding="UTF-8"?>
<!-- Generated by org.testng.reporters.JUnitXMLReporter -->
<testsuite ignored="0" hostname="PC2017000216" failures="0" tests="3" name="Default test" time="38.668" errors="0" timestamp="30 May 2023 12:44:27 GMT">
  <testcase classname="continous_test.continous" name="loginpage" time="5.234"/>
  <testcase classname="continous_test.continous" name="loginTestseller" time="1.54"/>
  <testcase classname="continous_test.continous" name="Screenshot" time="5.38"/>
</testsuite> <!-- Default test -->
